mode: set
github.com/martino/bookings/internal/handlers/handlers.go:24.47,28.2 1 1
github.com/martino/bookings/internal/handlers/handlers.go:31.33,33.2 1 1
github.com/martino/bookings/internal/handlers/handlers.go:36.67,41.2 3 1
github.com/martino/bookings/internal/handlers/handlers.go:44.68,57.2 5 1
github.com/martino/bookings/internal/handlers/handlers.go:60.74,70.2 4 1
github.com/martino/bookings/internal/handlers/handlers.go:73.78,75.16 2 1
github.com/martino/bookings/internal/handlers/handlers.go:80.2,93.19 6 1
github.com/martino/bookings/internal/handlers/handlers.go:105.2,107.66 2 1
github.com/martino/bookings/internal/handlers/handlers.go:75.16,78.3 2 0
github.com/martino/bookings/internal/handlers/handlers.go:93.19,103.3 4 0
github.com/martino/bookings/internal/handlers/handlers.go:112.71,114.2 1 1
github.com/martino/bookings/internal/handlers/handlers.go:117.69,119.2 1 1
github.com/martino/bookings/internal/handlers/handlers.go:122.75,124.2 1 1
github.com/martino/bookings/internal/handlers/handlers.go:127.79,132.2 3 1
github.com/martino/bookings/internal/handlers/handlers.go:140.79,147.16 3 1
github.com/martino/bookings/internal/handlers/handlers.go:151.2,153.14 3 1
github.com/martino/bookings/internal/handlers/handlers.go:147.16,149.3 1 0
github.com/martino/bookings/internal/handlers/handlers.go:157.70,159.2 1 1
github.com/martino/bookings/internal/handlers/handlers.go:161.81,163.9 2 1
github.com/martino/bookings/internal/handlers/handlers.go:170.2,177.4 4 0
github.com/martino/bookings/internal/handlers/handlers.go:163.9,168.3 4 1
